<?xml version="1.0" encoding="UTF-8"?>
<!-- Generated by org.testng.reporters.JUnitReportReporter -->
<testsuite hostname="LTIN509672" failures="0" tests="1" name="com.outreach.testcases.GetVolunteerCards" time="10.457" errors="0" timestamp="2024-04-05T14:50:02 IST" skipped="0">
  <testcase classname="com.outreach.testcases.GetVolunteerCards" name="fetch_cards" time="10.457"/>
</testsuite> <!-- com.outreach.testcases.GetVolunteerCards -->
