<?xml version="1.0" encoding="UTF-8"?>
<!-- Generated by org.testng.reporters.JUnitReportReporter -->
<testsuite hostname="LTIN509672" failures="0" tests="2" name="com.outreach.testcases.MenusAndSubmenus" time="11.809" errors="0" timestamp="2024-04-05T14:50:02 IST" skipped="0">
  <testcase classname="com.outreach.testcases.MenusAndSubmenus" name="print_menu" time="10.170"/>
  <testcase classname="com.outreach.testcases.MenusAndSubmenus" name="print_submenu" time="1.639"/>
</testsuite> <!-- com.outreach.testcases.MenusAndSubmenus -->
