<?xml version="1.0" encoding="UTF-8"?>
<!-- Generated by org.testng.reporters.JUnitReportReporter -->
<testsuite hostname="LTIN509672" failures="0" tests="1" name="com.outreach.testcases.RandomLocation" time="23.196" errors="0" timestamp="2024-04-05T14:50:02 IST" skipped="0">
  <testcase classname="com.outreach.testcases.RandomLocation" name="validate" time="23.196"/>
</testsuite> <!-- com.outreach.testcases.RandomLocation -->
