<?xml version="1.0" encoding="UTF-8"?>
<!-- Generated by org.testng.reporters.JUnitReportReporter -->
<testsuite hostname="LTIN509672" failures="0" tests="1" name="com.outreach.testcases.IntrestEvents" time="10.829" errors="0" timestamp="2024-04-05T14:50:02 IST" skipped="0">
  <testcase classname="com.outreach.testcases.IntrestEvents" name="print_interest" time="10.829"/>
</testsuite> <!-- com.outreach.testcases.IntrestEvents -->
