<?xml version="1.0" encoding="UTF-8"?>
<!-- Generated by org.testng.reporters.JUnitReportReporter -->
<testsuite hostname="LTIN509672" failures="0" tests="1" name="com.outreach.testcases.NavigateToOutReach" time="12.681" errors="0" timestamp="2024-04-05T14:50:02 IST" skipped="0">
  <testcase classname="com.outreach.testcases.NavigateToOutReach" name="navigate_outreach" time="12.681"/>
</testsuite> <!-- com.outreach.testcases.NavigateToOutReach -->
