<?xml version="1.0" encoding="UTF-8"?>
<!-- Generated by org.testng.reporters.JUnitReportReporter -->
<testsuite hostname="LTIN509672" failures="0" tests="1" name="com.outreach.testcases.SelectMyVolunteering" time="0.909" errors="0" timestamp="2024-04-05T14:50:02 IST" skipped="0">
  <testcase classname="com.outreach.testcases.SelectMyVolunteering" name="click_vol" time="0.909"/>
</testsuite> <!-- com.outreach.testcases.SelectMyVolunteering -->
